0 info it worked if it ends with ok
1 verbose cli [ '/home/rogelio/.nvm/v0.10.34/bin/node',
1 verbose cli   '/home/rogelio/.nvm/v0.10.34/bin/npm',
1 verbose cli   'start' ]
2 info using npm@1.4.28
3 info using node@v0.10.34
4 verbose run-script [ 'prestart', 'start', 'poststart' ]
5 info prestart rutha_dotnet_service@0.2.0
6 info start rutha_dotnet_service@0.2.0
7 verbose unsafe-perm in lifecycle true
8 info rutha_dotnet_service@0.2.0 Failed to exec start script
9 error rutha_dotnet_service@0.2.0 start: `k kestrel`
9 error Exit status 1
10 error Failed at the rutha_dotnet_service@0.2.0 start script.
10 error This is most likely a problem with the rutha_dotnet_service package,
10 error not with npm itself.
10 error Tell the author that this fails on your system:
10 error     k kestrel
10 error You can get their info via:
10 error     npm owner ls rutha_dotnet_service
10 error There is likely additional logging output above.
11 error System Linux 3.11.0-12-generic
12 error command "/home/rogelio/.nvm/v0.10.34/bin/node" "/home/rogelio/.nvm/v0.10.34/bin/npm" "start"
13 error cwd /home/rogelio/Code/rutha.net/service
14 error node -v v0.10.34
15 error npm -v 1.4.28
16 error code ELIFECYCLE
17 verbose exit [ 1, true ]
